<?xml version="1.0" encoding="utf-8"?><testsuites><testsuite name="pytest" errors="0" failures="0" skipped="0" tests="1" time="0.732" timestamp="2024-09-02T01:12:56.456807" hostname="DESKTOP-23STOG5"><testcase classname="tests.test_hello" name="test_hello" time="0.040" /></testsuite></testsuites>